2025-10-09
- ユーザーのフィードバックに基づき、「色物薬膳茶」セクションのカードをさらにコンパクト化。
  - 上2つの画像比率を 4:3 (横長) に変更。
  - 商品カードのパディング、画像下の余白、商品名・説明文・価格のフォントサイズ、グリッドのgapを調整。
- ユーザーのフィードバックに基づき、レスポンシブレイアウトと画像比率を再調整。
  - 「お店について」「今月の新商品」の画像を 4:3 (横長) に設定。
  - 「季節のおすすめ」セクションは、PCで3列、タブレット・スマホで1列表示に調整。
  - 「色物薬膳茶」セクションは、HTML構造を「上2つ、下3つ」の段組に変更し、PCで上2つが2列、下3つが3列、タブレットで2列、スマホで1列表示に調整。
  - 「色物薬膳茶」セクションの上2つの商品カードに視覚的な区別を追加。
  - メディアクエリ内の不要なheight指定を削除し、スマホ表示での画像比率問題を解消。

---

2025-10-09
- ユーザーのフィードバックに基づき、画像比率とレイアウトを再調整。
  - 「お店について」「今月の新商品」の画像を 4:3 (横長) に設定。
  - 「色物薬膳茶」セクションのHTMLとCSSを修正し、5つの商品をまとめて表示するグリッドレイアウトに変更。
  - 「色物薬膳茶」の画像を 1:1 (正方形) に設定。

---

2025-10-09
- CSSを修正し、商品画像の表示をアスペクト比で管理するように変更。これにより、画像をアップロードする際に手動でリサイズやトリミングが不要になった。
- 上記の変更に伴い、`docs/spec/image_naming_convention.md` の内容を更新し、画像は編集せずにそのままアップロードするルールに変更した。

---

## v0.2.0-alpha - 2025-09-05
### Added
- クライアント確認後のデザイン案、サンプルサイトを記録。
- 本格実装のためNext.jsへの移行を決定。
- 最終要件定義と見積もりを`/Users/rin5uron/Desktop/nico_demo/docs/proposals/0906/要件定義兼見積書.md`として保存。

---

## v0.1.0-alpha - 2025-08-06
### Added
- クライアント提案前の初期仕様・デザイン案をコミットタグをつけて保存
  - 要件定義 (`docs/spec/requirements_definition.md`)
  - サイトコンセプト (`docs/spec/concept.md`)
  - 参考サイト分析とデザイン方向性 (`docs/spec/reference_sites.md`)
  - サイトマップ (`docs/spec/sitemap.md`)
- 初期デザイン案の参考画像 (`docs/media/notes/250731.png`) を追加

### Changed
- コミットメッセージを「feat: クライアント提案前の初期仕様・デザイン案を策定」に修正
- タグ名を `v0.1.0-alpha` に変更